<?xml version="1.0" encoding="UTF-8"?>
<!-- Generated by org.testng.reporters.JUnitReportReporter -->
<testsuite hostname="DESKTOP-H00HIU0" failures="0" tests="1" name="com.facbook.test.FacebookTest" time="5.375" errors="0" timestamp="2025-07-13T16:29:17 IST" skipped="0">
  <testcase classname="com.facbook.test.FacebookTest" name="launchFacebook" time="5.375"/>
  <system-out/>
</testsuite> <!-- com.facbook.test.FacebookTest -->
