<?xml version="1.0" encoding="UTF-8"?>
<!-- Generated by org.testng.reporters.JUnitReportReporter -->
<testsuite hostname="DESKTOP-H00HIU0" failures="0" tests="1" name="com.facbook.test.FacebookTest" time="12.458" errors="0" timestamp="2025-07-13T15:25:39 IST" skipped="0">
  <testcase classname="com.facbook.test.FacebookTest" name="launchFacebook" time="12.458"/>
  <system-out/>
</testsuite> <!-- com.facbook.test.FacebookTest -->
